Determining if the pthread_create exist failed with the following output:
Change Dir: /home/ubuntu-cdr/Chairbot/Project/ChairbotCVcontrol-master/CVcontrol4/CMakeFiles/CMakeTmp

Run Build Command:"/usr/bin/make" "cmTC_936ef/fast"
/usr/bin/make -f CMakeFiles/cmTC_936ef.dir/build.make CMakeFiles/cmTC_936ef.dir/build
make[1]: Entering directory '/home/ubuntu-cdr/Chairbot/Project/ChairbotCVcontrol-master/CVcontrol4/CMakeFiles/CMakeTmp'
Building C object CMakeFiles/cmTC_936ef.dir/CheckSymbolExists.c.o
/usr/bin/cc     -o CMakeFiles/cmTC_936ef.dir/CheckSymbolExists.c.o   -c /home/ubuntu-cdr/Chairbot/Project/ChairbotCVcontrol-master/CVcontrol4/CMakeFiles/CMakeTmp/CheckSymbolExists.c
Linking C executable cmTC_936ef
/usr/bin/cmake -E cmake_link_script CMakeFiles/cmTC_936ef.dir/link.txt --verbose=1
/usr/bin/cc       CMakeFiles/cmTC_936ef.dir/CheckSymbolExists.c.o  -o cmTC_936ef -rdynamic 
CMakeFiles/cmTC_936ef.dir/CheckSymbolExists.c.o: In function `main':
CheckSymbolExists.c:(.text+0x16): undefined reference to `pthread_create'
collect2: error: ld returned 1 exit status
CMakeFiles/cmTC_936ef.dir/build.make:97: recipe for target 'cmTC_936ef' failed
make[1]: *** [cmTC_936ef] Error 1
make[1]: Leaving directory '/home/ubuntu-cdr/Chairbot/Project/ChairbotCVcontrol-master/CVcontrol4/CMakeFiles/CMakeTmp'
Makefile:126: recipe for target 'cmTC_936ef/fast' failed
make: *** [cmTC_936ef/fast] Error 2

File /home/ubuntu-cdr/Chairbot/Project/ChairbotCVcontrol-master/CVcontrol4/CMakeFiles/CMakeTmp/CheckSymbolExists.c:
/* */
#include <pthread.h>

int main(int argc, char** argv)
{
  (void)argv;
#ifndef pthread_create
  return ((int*)(&pthread_create))[argc];
#else
  (void)argc;
  return 0;
#endif
}

Determining if the function pthread_create exists in the pthreads failed with the following output:
Change Dir: /home/ubuntu-cdr/Chairbot/Project/ChairbotCVcontrol-master/CVcontrol4/CMakeFiles/CMakeTmp

Run Build Command:"/usr/bin/make" "cmTC_d47fd/fast"
/usr/bin/make -f CMakeFiles/cmTC_d47fd.dir/build.make CMakeFiles/cmTC_d47fd.dir/build
make[1]: Entering directory '/home/ubuntu-cdr/Chairbot/Project/ChairbotCVcontrol-master/CVcontrol4/CMakeFiles/CMakeTmp'
Building C object CMakeFiles/cmTC_d47fd.dir/CheckFunctionExists.c.o
/usr/bin/cc    -DCHECK_FUNCTION_EXISTS=pthread_create   -o CMakeFiles/cmTC_d47fd.dir/CheckFunctionExists.c.o   -c /usr/share/cmake-3.5/Modules/CheckFunctionExists.c
Linking C executable cmTC_d47fd
/usr/bin/cmake -E cmake_link_script CMakeFiles/cmTC_d47fd.dir/link.txt --verbose=1
/usr/bin/cc   -DCHECK_FUNCTION_EXISTS=pthread_create    CMakeFiles/cmTC_d47fd.dir/CheckFunctionExists.c.o  -o cmTC_d47fd -rdynamic -lpthreads 
/usr/bin/ld: cannot find -lpthreads
collect2: error: ld returned 1 exit status
CMakeFiles/cmTC_d47fd.dir/build.make:97: recipe for target 'cmTC_d47fd' failed
make[1]: *** [cmTC_d47fd] Error 1
make[1]: Leaving directory '/home/ubuntu-cdr/Chairbot/Project/ChairbotCVcontrol-master/CVcontrol4/CMakeFiles/CMakeTmp'
Makefile:126: recipe for target 'cmTC_d47fd/fast' failed
make: *** [cmTC_d47fd/fast] Error 2


Determining if the pthread_create exist failed with the following output:
Change Dir: /home/ubuntu-cdr/Chairbot/chairbot-control/CMakeFiles/CMakeTmp

Run Build Command:"/usr/bin/make" "cmTC_57078/fast"
/usr/bin/make -f CMakeFiles/cmTC_57078.dir/build.make CMakeFiles/cmTC_57078.dir/build
make[1]: Entering directory '/home/ubuntu-cdr/Chairbot/chairbot-control/CMakeFiles/CMakeTmp'
Building C object CMakeFiles/cmTC_57078.dir/CheckSymbolExists.c.o
/usr/bin/cc     -o CMakeFiles/cmTC_57078.dir/CheckSymbolExists.c.o   -c /home/ubuntu-cdr/Chairbot/chairbot-control/CMakeFiles/CMakeTmp/CheckSymbolExists.c
Linking C executable cmTC_57078
/usr/bin/cmake -E cmake_link_script CMakeFiles/cmTC_57078.dir/link.txt --verbose=1
/usr/bin/cc       CMakeFiles/cmTC_57078.dir/CheckSymbolExists.c.o  -o cmTC_57078 -rdynamic 
CMakeFiles/cmTC_57078.dir/CheckSymbolExists.c.o: In function `main':
CheckSymbolExists.c:(.text+0x16): undefined reference to `pthread_create'
collect2: error: ld returned 1 exit status
CMakeFiles/cmTC_57078.dir/build.make:97: recipe for target 'cmTC_57078' failed
make[1]: *** [cmTC_57078] Error 1
make[1]: Leaving directory '/home/ubuntu-cdr/Chairbot/chairbot-control/CMakeFiles/CMakeTmp'
Makefile:126: recipe for target 'cmTC_57078/fast' failed
make: *** [cmTC_57078/fast] Error 2

File /home/ubuntu-cdr/Chairbot/chairbot-control/CMakeFiles/CMakeTmp/CheckSymbolExists.c:
/* */
#include <pthread.h>

int main(int argc, char** argv)
{
  (void)argv;
#ifndef pthread_create
  return ((int*)(&pthread_create))[argc];
#else
  (void)argc;
  return 0;
#endif
}

Determining if the function pthread_create exists in the pthreads failed with the following output:
Change Dir: /home/ubuntu-cdr/Chairbot/chairbot-control/CMakeFiles/CMakeTmp

Run Build Command:"/usr/bin/make" "cmTC_aed13/fast"
/usr/bin/make -f CMakeFiles/cmTC_aed13.dir/build.make CMakeFiles/cmTC_aed13.dir/build
make[1]: Entering directory '/home/ubuntu-cdr/Chairbot/chairbot-control/CMakeFiles/CMakeTmp'
Building C object CMakeFiles/cmTC_aed13.dir/CheckFunctionExists.c.o
/usr/bin/cc    -DCHECK_FUNCTION_EXISTS=pthread_create   -o CMakeFiles/cmTC_aed13.dir/CheckFunctionExists.c.o   -c /usr/share/cmake-3.5/Modules/CheckFunctionExists.c
Linking C executable cmTC_aed13
/usr/bin/cmake -E cmake_link_script CMakeFiles/cmTC_aed13.dir/link.txt --verbose=1
/usr/bin/cc   -DCHECK_FUNCTION_EXISTS=pthread_create    CMakeFiles/cmTC_aed13.dir/CheckFunctionExists.c.o  -o cmTC_aed13 -rdynamic -lpthreads 
/usr/bin/ld: cannot find -lpthreads
collect2: error: ld returned 1 exit status
CMakeFiles/cmTC_aed13.dir/build.make:97: recipe for target 'cmTC_aed13' failed
make[1]: *** [cmTC_aed13] Error 1
make[1]: Leaving directory '/home/ubuntu-cdr/Chairbot/chairbot-control/CMakeFiles/CMakeTmp'
Makefile:126: recipe for target 'cmTC_aed13/fast' failed
make: *** [cmTC_aed13/fast] Error 2


